<?xml version="1.0" encoding="UTF-8"?>
<!-- Generated by org.testng.reporters.JUnitReportReporter -->
<testsuite skipped="0" hostname="ip-172-31-95-52" name="com.simplilearn.webapptest.TestNgAssertionDemo" tests="2" failures="0" timestamp="2022-05-09T12:15:29 UTC" time="0.010" errors="0">
  <testcase name="softAssertTest" time="0.009" classname="com.simplilearn.webapptest.TestNgAssertionDemo"/>
  <system-out/>
  <testcase name="hardAssertionTest" time="0.001" classname="com.simplilearn.webapptest.TestNgAssertionDemo"/>
  <system-out/>
</testsuite> <!-- com.simplilearn.webapptest.TestNgAssertionDemo -->
