<?xml version="1.0" encoding="UTF-8"?>
<!-- Generated by org.testng.reporters.JUnitReportReporter -->
<testsuite skipped="0" hostname="ip-172-31-95-52" name="com.simplilearn.webapptest.facebook.FacebookLoginTest" tests="2" failures="0" timestamp="2022-05-09T11:01:58 UTC" time="16.230" errors="0">
  <testcase name="testFailureLogin" time="14.318" classname="com.simplilearn.webapptest.facebook.FacebookLoginTest"/>
  <system-out/>
  <testcase name="testFieldsLogin" time="1.912" classname="com.simplilearn.webapptest.facebook.FacebookLoginTest"/>
  <system-out/>
</testsuite> <!-- com.simplilearn.webapptest.facebook.FacebookLoginTest -->
