<?xml version="1.0" encoding="UTF-8"?>
<!-- Generated by org.testng.reporters.JUnitReportReporter -->
<testsuite skipped="0" hostname="ip-172-31-95-52" name="com.simplilearn.webapptest.amazon.AmazonNavLinkTest" tests="3" failures="0" timestamp="2022-05-09T11:01:58 UTC" time="13.632" errors="0">
  <testcase name="testBestSellerNavLink" time="4.607" classname="com.simplilearn.webapptest.amazon.AmazonNavLinkTest"/>
  <system-out/>
  <testcase name="testTodaysDealNavLink3" time="4.189" classname="com.simplilearn.webapptest.amazon.AmazonNavLinkTest"/>
  <system-out/>
  <testcase name="testBestSellerNavLink2" time="4.836" classname="com.simplilearn.webapptest.amazon.AmazonNavLinkTest"/>
  <system-out/>
</testsuite> <!-- com.simplilearn.webapptest.amazon.AmazonNavLinkTest -->
