<?xml version="1.0" encoding="UTF-8"?>
<!-- Generated by org.testng.reporters.JUnitReportReporter -->
<testsuite skipped="0" hostname="ip-172-31-95-52" name="com.simplilearn.webapptest.amazon.AmazonHomepaeTest" tests="4" failures="0" timestamp="2022-05-09T10:14:44 UTC" time="19.231" errors="0">
  <testcase name="testAmazonHomePageTitle" time="4.145" classname="com.simplilearn.webapptest.amazon.AmazonHomepaeTest"/>
  <system-out/>
  <testcase name="testAmazonHomeSourceUrl" time="3.268" classname="com.simplilearn.webapptest.amazon.AmazonHomepaeTest"/>
  <system-out/>
  <testcase name="testAmazonSearchProductTest" time="5.657" classname="com.simplilearn.webapptest.amazon.AmazonHomepaeTest"/>
  <system-out/>
  <testcase name="testAmazonSearchProductTest2" time="6.161" classname="com.simplilearn.webapptest.amazon.AmazonHomepaeTest"/>
  <system-out/>
</testsuite> <!-- com.simplilearn.webapptest.amazon.AmazonHomepaeTest -->
