<?xml version="1.0" encoding="UTF-8"?>
<!-- Generated by org.testng.reporters.JUnitReportReporter -->
<testsuite skipped="0" hostname="ip-172-31-95-52" name="com.simplilearn.webapptest.TestNGStandardAnnotationTest" tests="3" failures="0" timestamp="2022-05-09T10:05:30 UTC" time="0.011" errors="0">
  <testcase name="testOne" time="0.006" classname="com.simplilearn.webapptest.TestNGStandardAnnotationTest"/>
  <system-out/>
  <testcase name="testTwo" time="0.001" classname="com.simplilearn.webapptest.TestNGStandardAnnotationTest"/>
  <system-out/>
  <testcase name="testThree" time="0.004" classname="com.simplilearn.webapptest.TestNGStandardAnnotationTest"/>
  <system-out/>
</testsuite> <!-- com.simplilearn.webapptest.TestNGStandardAnnotationTest -->
