<?xml version="1.0" encoding="UTF-8"?>
<!-- Generated by org.testng.reporters.JUnitReportReporter -->
<testsuite skipped="0" hostname="ip-172-31-95-52" name="com.simplilearn.webapptest.amazon.AmazonHomepageTest" tests="4" failures="0" timestamp="2022-05-09T12:15:29 UTC" time="20.094" errors="0">
  <testcase name="testAmazonHomeSourceUrl" time="3.651" classname="com.simplilearn.webapptest.amazon.AmazonHomepageTest"/>
  <system-out/>
  <testcase name="testAmazonSearchProductTest2" time="7.298" classname="com.simplilearn.webapptest.amazon.AmazonHomepageTest"/>
  <system-out/>
  <testcase name="testAmazonHomePageTitle" time="2.850" classname="com.simplilearn.webapptest.amazon.AmazonHomepageTest"/>
  <system-out/>
  <testcase name="testAmazonSearchProductTest" time="6.295" classname="com.simplilearn.webapptest.amazon.AmazonHomepageTest"/>
  <system-out/>
</testsuite> <!-- com.simplilearn.webapptest.amazon.AmazonHomepageTest -->
