<?xml version="1.0" encoding="UTF-8"?>
<!-- Generated by org.testng.reporters.JUnitReportReporter -->
<testsuite skipped="0" hostname="ip-172-31-95-52" name="com.simplilearn.webapptest.group.BrowserBasedGroupTest" tests="10" failures="0" timestamp="2022-05-09T12:15:29 UTC" time="13.475" errors="0">
  <testcase name="launchFireFoxTest" time="4.778" classname="com.simplilearn.webapptest.group.BrowserBasedGroupTest"/>
  <system-out/>
  <testcase name="closeFireFox" time="2.916" classname="com.simplilearn.webapptest.group.BrowserBasedGroupTest"/>
  <system-out/>
  <testcase name="launchChromeTest" time="2.415" classname="com.simplilearn.webapptest.group.BrowserBasedGroupTest"/>
  <system-out/>
  <testcase name="testAmazonHomePageTitle" time="0.028" classname="com.simplilearn.webapptest.group.BrowserBasedGroupTest"/>
  <system-out/>
  <testcase name="testFaceBookHomePage" time="0.030" classname="com.simplilearn.webapptest.group.BrowserBasedGroupTest"/>
  <system-out/>
  <testcase name="testFieldsLogin" time="0.199" classname="com.simplilearn.webapptest.group.BrowserBasedGroupTest"/>
  <system-out/>
  <testcase name="testAmazonHomeSourceUrl" time="0.018" classname="com.simplilearn.webapptest.group.BrowserBasedGroupTest"/>
  <system-out/>
  <testcase name="testAmazonSearchProductTest" time="2.764" classname="com.simplilearn.webapptest.group.BrowserBasedGroupTest"/>
  <system-out/>
  <testcase name="testFailureLogin" time="0.178" classname="com.simplilearn.webapptest.group.BrowserBasedGroupTest"/>
  <system-out/>
  <testcase name="afterMethod" time="0.149" classname="com.simplilearn.webapptest.group.BrowserBasedGroupTest"/>
  <system-out/>
</testsuite> <!-- com.simplilearn.webapptest.group.BrowserBasedGroupTest -->
