<?xml version="1.0" encoding="UTF-8"?>
<!-- Generated by org.testng.reporters.JUnitReportReporter -->
<testsuite skipped="0" hostname="ip-172-31-95-52" name="com.simplilearn.webapptest.facebook.FacebookLoginTest" tests="2" failures="0" timestamp="2022-05-09T12:15:29 UTC" time="15.575" errors="0">
  <testcase name="testFailureLogin" time="13.582" classname="com.simplilearn.webapptest.facebook.FacebookLoginTest"/>
  <system-out/>
  <testcase name="testFieldsLogin" time="1.993" classname="com.simplilearn.webapptest.facebook.FacebookLoginTest"/>
  <system-out/>
</testsuite> <!-- com.simplilearn.webapptest.facebook.FacebookLoginTest -->
